{"level":"info","message":"Hello from Acquistions","service":"acquisitions-api"}
{"level":"info","message":"Hello from Acquistions","service":"acquisitions-api"}
{"level":"info","message":"::1 - - [27/Feb/2026:09:45:08 +0000] \"GET / HTTP/1.1\" 304 - \"-\" \"Mozilla/5.0 (Macintosh; Intel Mac OS X 10_15_7) AppleWebKit/537.36 (KHTML, like Gecko) Chrome/145.0.0.0 Safari/537.36\"","service":"acquisitions-api"}
{"level":"info","message":"::1 - - [27/Feb/2026:09:45:09 +0000] \"GET /service-worker.js HTTP/1.1\" 404 156 \"http://localhost:3000/service-worker.js\" \"Mozilla/5.0 (Macintosh; Intel Mac OS X 10_15_7) AppleWebKit/537.36 (KHTML, like Gecko) Chrome/145.0.0.0 Safari/537.36\"","service":"acquisitions-api"}
{"level":"info","message":"Hello from Acquistions","service":"acquisitions-api"}
{"level":"info","message":"::1 - - [27/Feb/2026:09:53:40 +0000] \"GET /api HTTP/1.1\" 200 41 \"-\" \"Mozilla/5.0 (Macintosh; Intel Mac OS X 10_15_7) AppleWebKit/537.36 (KHTML, like Gecko) Chrome/145.0.0.0 Safari/537.36\"","service":"acquisitions-api"}
{"level":"info","message":"::1 - - [27/Feb/2026:09:53:42 +0000] \"GET /service-worker.js HTTP/1.1\" 404 156 \"http://localhost:3000/service-worker.js\" \"Mozilla/5.0 (Macintosh; Intel Mac OS X 10_15_7) AppleWebKit/537.36 (KHTML, like Gecko) Chrome/145.0.0.0 Safari/537.36\"","service":"acquisitions-api"}
{"level":"info","message":"::1 - - [27/Feb/2026:09:53:46 +0000] \"GET /health HTTP/1.1\" 200 75 \"-\" \"Mozilla/5.0 (Macintosh; Intel Mac OS X 10_15_7) AppleWebKit/537.36 (KHTML, like Gecko) Chrome/145.0.0.0 Safari/537.36\"","service":"acquisitions-api"}
{"level":"info","message":"::1 - - [27/Feb/2026:09:53:48 +0000] \"GET /service-worker.js HTTP/1.1\" 404 156 \"http://localhost:3000/service-worker.js\" \"Mozilla/5.0 (Macintosh; Intel Mac OS X 10_15_7) AppleWebKit/537.36 (KHTML, like Gecko) Chrome/145.0.0.0 Safari/537.36\"","service":"acquisitions-api"}
{"level":"info","message":"::1 - - [27/Feb/2026:09:54:11 +0000] \"GET /service-worker.js HTTP/1.1\" 404 156 \"http://localhost:3000/service-worker.js\" \"Mozilla/5.0 (Macintosh; Intel Mac OS X 10_15_7) AppleWebKit/537.36 (KHTML, like Gecko) Chrome/145.0.0.0 Safari/537.36\"","service":"acquisitions-api"}
{"level":"info","message":"Hello from Acquistions","service":"acquisitions-api"}
{"level":"info","message":"::1 - - [27/Feb/2026:09:57:07 +0000] \"GET / HTTP/1.1\" 200 23 \"-\" \"HTTPie\"","service":"acquisitions-api"}
{"level":"info","message":"Hello from Acquistions","service":"acquisitions-api"}
{"level":"info","message":"::1 - - [27/Feb/2026:09:57:45 +0000] \"GET /api HTTP/1.1\" 200 41 \"-\" \"HTTPie\"","service":"acquisitions-api"}
{"level":"info","message":"::1 - - [27/Feb/2026:09:57:50 +0000] \"GET /healt HTTP/1.1\" 404 144 \"-\" \"HTTPie\"","service":"acquisitions-api"}
{"level":"info","message":"::1 - - [27/Feb/2026:09:57:53 +0000] \"GET /health HTTP/1.1\" 200 77 \"-\" \"HTTPie\"","service":"acquisitions-api"}
{"level":"info","message":"::1 - - [27/Feb/2026:09:58:15 +0000] \"POST /api/auth/sign-in HTTP/1.1\" 200 31 \"-\" \"HTTPie\"","service":"acquisitions-api"}
{"level":"error","message":"Signup error re is not defined","service":"acquisitions-api","stack":"ReferenceError: re is not defined\n    at signup (file:///Users/jayant/WebstormProjects/acquisitions/src/controllers/auth.controller.js:7:57)\n    at Layer.handleRequest (/Users/jayant/WebstormProjects/acquisitions/node_modules/router/lib/layer.js:152:17)\n    at next (/Users/jayant/WebstormProjects/acquisitions/node_modules/router/lib/route.js:157:13)\n    at Route.dispatch (/Users/jayant/WebstormProjects/acquisitions/node_modules/router/lib/route.js:117:3)\n    at handle (/Users/jayant/WebstormProjects/acquisitions/node_modules/router/index.js:435:11)\n    at Layer.handleRequest (/Users/jayant/WebstormProjects/acquisitions/node_modules/router/lib/layer.js:152:17)\n    at /Users/jayant/WebstormProjects/acquisitions/node_modules/router/index.js:295:15\n    at processParams (/Users/jayant/WebstormProjects/acquisitions/node_modules/router/index.js:582:12)\n    at next (/Users/jayant/WebstormProjects/acquisitions/node_modules/router/index.js:291:5)\n    at router.handle (/Users/jayant/WebstormProjects/acquisitions/node_modules/router/index.js:186:3)"}
{"level":"info","message":"::1 - - [27/Feb/2026:10:36:04 +0000] \"POST /api/auth/sign-up HTTP/1.1\" 500 1309 \"-\" \"HTTPie\"","service":"acquisitions-api"}
{"level":"info","message":"::1 - - [27/Feb/2026:10:37:06 +0000] \"POST /api/auth/sign-up HTTP/1.1\" 400 166 \"-\" \"HTTPie\"","service":"acquisitions-api"}
{"level":"info","message":"::1 - - [27/Feb/2026:10:37:37 +0000] \"POST /api/auth/sign-up HTTP/1.1\" 400 92 \"-\" \"HTTPie\"","service":"acquisitions-api"}
{"level":"info","message":"::1 - - [27/Feb/2026:10:38:04 +0000] \"POST /api/auth/sign-up HTTP/1.1\" 400 91 \"-\" \"HTTPie\"","service":"acquisitions-api"}
{"level":"info","message":"User registered successfully: sadam@gmail.com","service":"acquisitions-api"}
{"level":"info","message":"::1 - - [27/Feb/2026:10:38:10 +0000] \"POST /api/auth/sign-up HTTP/1.1\" 201 115 \"-\" \"HTTPie\"","service":"acquisitions-api"}
{"level":"info","message":"::1 - - [27/Feb/2026:11:00:16 +0000] \"POST /api/auth/sign-up HTTP/1.1\" 400 91 \"-\" \"HTTPie\"","service":"acquisitions-api"}
{"level":"info","message":"User sadam@gmail.com created successfully","service":"acquisitions-api"}
{"level":"error","message":"Signup error Cannot read properties of undefined (reading 'id')","service":"acquisitions-api","stack":"TypeError: Cannot read properties of undefined (reading 'id')\n    at signup (file:///Users/jayant/WebstormProjects/acquisitions/src/controllers/auth.controller.js:24:16)\n    at process.processTicksAndRejections (node:internal/process/task_queues:105:5)"}
{"level":"info","message":"::1 - - [27/Feb/2026:11:00:28 +0000] \"POST /api/auth/sign-up HTTP/1.1\" 500 413 \"-\" \"HTTPie\"","service":"acquisitions-api"}
{"cause":{"code":"23505","constraint":"users_email_unique","detail":"Key (email)=(sadam@gmail.com) already exists.","file":"nbtinsert.c","line":"667","name":"NeonDbError","routine":"_bt_check_unique","schema":"public","severity":"ERROR","table":"users"},"level":"error","message":"Error creating a user Failed query: insert into \"users\" (\"id\", \"name\", \"email\", \"password\", \"role\", \"created_at\", \"updated_at\") values (default, $1, $2, $3, $4, default, default) returning \"id\", \"email\", \"role\", \"created_at\"\nparams: jayanth,sadam@gmail.com,[object Promise],user","params":["jayanth","sadam@gmail.com",{},"user"],"query":"insert into \"users\" (\"id\", \"name\", \"email\", \"password\", \"role\", \"created_at\", \"updated_at\") values (default, $1, $2, $3, $4, default, default) returning \"id\", \"email\", \"role\", \"created_at\"","service":"acquisitions-api","stack":"Error: Failed query: insert into \"users\" (\"id\", \"name\", \"email\", \"password\", \"role\", \"created_at\", \"updated_at\") values (default, $1, $2, $3, $4, default, default) returning \"id\", \"email\", \"role\", \"created_at\"\nparams: jayanth,sadam@gmail.com,[object Promise],user\n    at NeonHttpPreparedQuery.queryWithCache (file:///Users/jayant/WebstormProjects/acquisitions/node_modules/drizzle-orm/pg-core/session.js:41:15)\n    at process.processTicksAndRejections (node:internal/process/task_queues:105:5)\n    at async NeonHttpPreparedQuery.execute (file:///Users/jayant/WebstormProjects/acquisitions/node_modules/drizzle-orm/neon-http/session.js:45:20)\n    at async createUser (file:///Users/jayant/WebstormProjects/acquisitions/src/services/auth.service.js:30:23)\n    at async signup (file:///Users/jayant/WebstormProjects/acquisitions/src/controllers/auth.controller.js:21:18)"}
{"level":"error","message":"Signup error Cannot read properties of undefined (reading 'id')","service":"acquisitions-api","stack":"TypeError: Cannot read properties of undefined (reading 'id')\n    at signup (file:///Users/jayant/WebstormProjects/acquisitions/src/controllers/auth.controller.js:24:16)\n    at process.processTicksAndRejections (node:internal/process/task_queues:105:5)"}
{"level":"info","message":"::1 - - [27/Feb/2026:11:00:42 +0000] \"POST /api/auth/sign-up HTTP/1.1\" 500 413 \"-\" \"HTTPie\"","service":"acquisitions-api"}
{"cause":{"code":"23505","constraint":"users_email_unique","detail":"Key (email)=(sadam@gmail.com) already exists.","file":"nbtinsert.c","line":"667","name":"NeonDbError","routine":"_bt_check_unique","schema":"public","severity":"ERROR","table":"users"},"level":"error","message":"Error creating a user Failed query: insert into \"users\" (\"id\", \"name\", \"email\", \"password\", \"role\", \"created_at\", \"updated_at\") values (default, $1, $2, $3, $4, default, default) returning \"id\", \"email\", \"role\", \"created_at\"\nparams: jayanth,sadam@gmail.com,[object Promise],user","params":["jayanth","sadam@gmail.com",{},"user"],"query":"insert into \"users\" (\"id\", \"name\", \"email\", \"password\", \"role\", \"created_at\", \"updated_at\") values (default, $1, $2, $3, $4, default, default) returning \"id\", \"email\", \"role\", \"created_at\"","service":"acquisitions-api","stack":"Error: Failed query: insert into \"users\" (\"id\", \"name\", \"email\", \"password\", \"role\", \"created_at\", \"updated_at\") values (default, $1, $2, $3, $4, default, default) returning \"id\", \"email\", \"role\", \"created_at\"\nparams: jayanth,sadam@gmail.com,[object Promise],user\n    at NeonHttpPreparedQuery.queryWithCache (file:///Users/jayant/WebstormProjects/acquisitions/node_modules/drizzle-orm/pg-core/session.js:41:15)\n    at process.processTicksAndRejections (node:internal/process/task_queues:105:5)\n    at async NeonHttpPreparedQuery.execute (file:///Users/jayant/WebstormProjects/acquisitions/node_modules/drizzle-orm/neon-http/session.js:45:20)\n    at async createUser (file:///Users/jayant/WebstormProjects/acquisitions/src/services/auth.service.js:30:23)\n    at async signup (file:///Users/jayant/WebstormProjects/acquisitions/src/controllers/auth.controller.js:21:18)"}
{"level":"error","message":"Signup error Cannot read properties of undefined (reading 'id')","service":"acquisitions-api","stack":"TypeError: Cannot read properties of undefined (reading 'id')\n    at signup (file:///Users/jayant/WebstormProjects/acquisitions/src/controllers/auth.controller.js:24:16)\n    at process.processTicksAndRejections (node:internal/process/task_queues:105:5)"}
{"level":"info","message":"::1 - - [27/Feb/2026:11:01:49 +0000] \"POST /api/auth/sign-up HTTP/1.1\" 500 413 \"-\" \"HTTPie\"","service":"acquisitions-api"}
{"level":"info","message":"User sadam@gmail.com created successfully","service":"acquisitions-api"}
{"level":"error","message":"Signup error Cannot read properties of undefined (reading 'id')","service":"acquisitions-api","stack":"TypeError: Cannot read properties of undefined (reading 'id')\n    at signup (file:///Users/jayant/WebstormProjects/acquisitions/src/controllers/auth.controller.js:24:16)\n    at process.processTicksAndRejections (node:internal/process/task_queues:105:5)"}
{"level":"info","message":"::1 - - [27/Feb/2026:11:03:30 +0000] \"POST /api/auth/sign-up HTTP/1.1\" 500 413 \"-\" \"HTTPie\"","service":"acquisitions-api"}
{"level":"info","message":"User sadamf@gmail.com created successfully","service":"acquisitions-api"}
{"level":"error","message":"Signup error Cannot read properties of undefined (reading 'id')","service":"acquisitions-api","stack":"TypeError: Cannot read properties of undefined (reading 'id')\n    at signup (file:///Users/jayant/WebstormProjects/acquisitions/src/controllers/auth.controller.js:26:16)\n    at process.processTicksAndRejections (node:internal/process/task_queues:105:5)"}
{"level":"info","message":"::1 - - [27/Feb/2026:11:04:29 +0000] \"POST /api/auth/sign-up HTTP/1.1\" 500 413 \"-\" \"HTTPie\"","service":"acquisitions-api"}
{"level":"info","message":"User sadamm@gmail.com created successfully","service":"acquisitions-api"}
{"level":"info","message":"User registered successfully: sadamm@gmail.com","service":"acquisitions-api"}
{"level":"info","message":"::1 - - [27/Feb/2026:11:08:26 +0000] \"POST /api/auth/sign-up HTTP/1.1\" 201 116 \"-\" \"HTTPie\"","service":"acquisitions-api"}
{"level":"info","message":"User sadamm@gmail.com authenticated successfully","service":"acquisitions-api"}
{"level":"info","message":"User signed in successfully: sadamm@gmail.com","service":"acquisitions-api"}
{"level":"info","message":"::1 - - [27/Feb/2026:11:21:57 +0000] \"POST /api/auth/sign-in HTTP/1.1\" 200 115 \"-\" \"HTTPie\"","service":"acquisitions-api"}
{"level":"info","message":"User signed out successfully","service":"acquisitions-api"}
{"level":"info","message":"::1 - - [27/Feb/2026:11:22:02 +0000] \"POST /api/auth/sign-out HTTP/1.1\" 200 42 \"-\" \"HTTPie\"","service":"acquisitions-api"}
{"level":"info","message":"User sadamm@gmail.com authenticated successfully","service":"acquisitions-api"}
{"level":"info","message":"User signed in successfully: sadamm@gmail.com","service":"acquisitions-api"}
{"level":"info","message":"::1 - - [27/Feb/2026:11:22:07 +0000] \"POST /api/auth/sign-in HTTP/1.1\" 200 115 \"-\" \"HTTPie\"","service":"acquisitions-api"}
{"level":"error","message":"Error creating the user: Error: User with this email already exists","service":"acquisitions-api"}
{"level":"error","message":"Signup error User with this email already exists","service":"acquisitions-api","stack":"Error: User with this email already exists\n    at createUser (file:///Users/jayant/WebstormProjects/acquisitions/src/services/auth.service.js:34:19)\n    at process.processTicksAndRejections (node:internal/process/task_queues:105:5)\n    at async signup (file:///Users/jayant/WebstormProjects/acquisitions/src/controllers/auth.controller.js:21:22)"}
{"level":"info","message":"::1 - - [27/Feb/2026:11:22:28 +0000] \"POST /api/auth/sign-up HTTP/1.1\" 409 31 \"-\" \"HTTPie\"","service":"acquisitions-api"}
{"level":"info","message":"User sadamm@gmail.com authenticated successfully","service":"acquisitions-api"}
{"level":"info","message":"User signed in successfully: sadamm@gmail.com","service":"acquisitions-api"}
{"level":"info","message":"::1 - - [27/Feb/2026:11:22:39 +0000] \"POST /api/auth/sign-in HTTP/1.1\" 200 115 \"-\" \"HTTPie\"","service":"acquisitions-api"}
{"level":"info","message":"User signed out successfully","service":"acquisitions-api"}
{"level":"info","message":"::1 - - [27/Feb/2026:11:22:43 +0000] \"POST /api/auth/sign-out HTTP/1.1\" 200 42 \"-\" \"HTTPie\"","service":"acquisitions-api"}
